0 info it worked if it ends with ok
1 verbose cli [ 'node',
1 verbose cli   '/Users/johannesmerz/.nvm/versions/node/v0.12.7/bin/npm',
1 verbose cli   'run-script',
1 verbose cli   'integration-test' ]
2 info using npm@2.13.4
3 info using node@v0.12.7
4 verbose stack Error: missing script: integration-test
4 verbose stack     at run (/Users/johannesmerz/.nvm/versions/node/v0.12.7/lib/node_modules/npm/lib/run-script.js:142:19)
4 verbose stack     at /Users/johannesmerz/.nvm/versions/node/v0.12.7/lib/node_modules/npm/lib/run-script.js:58:5
4 verbose stack     at /Users/johannesmerz/.nvm/versions/node/v0.12.7/lib/node_modules/npm/node_modules/read-package-json/read-json.js:345:5
4 verbose stack     at checkBinReferences_ (/Users/johannesmerz/.nvm/versions/node/v0.12.7/lib/node_modules/npm/node_modules/read-package-json/read-json.js:309:45)
4 verbose stack     at final (/Users/johannesmerz/.nvm/versions/node/v0.12.7/lib/node_modules/npm/node_modules/read-package-json/read-json.js:343:3)
4 verbose stack     at then (/Users/johannesmerz/.nvm/versions/node/v0.12.7/lib/node_modules/npm/node_modules/read-package-json/read-json.js:113:5)
4 verbose stack     at /Users/johannesmerz/.nvm/versions/node/v0.12.7/lib/node_modules/npm/node_modules/read-package-json/read-json.js:297:29
4 verbose stack     at evalmachine.<anonymous>:263:20
4 verbose stack     at OpenReq.Req.done (/Users/johannesmerz/.nvm/versions/node/v0.12.7/lib/node_modules/npm/node_modules/read-package-json/node_modules/graceful-fs/graceful-fs.js:141:5)
4 verbose stack     at OpenReq.done (/Users/johannesmerz/.nvm/versions/node/v0.12.7/lib/node_modules/npm/node_modules/read-package-json/node_modules/graceful-fs/graceful-fs.js:61:22)
5 verbose cwd /Users/johannesmerz/Documents/workspace/node/blogSnippets
6 error Darwin 14.5.0
7 error argv "node" "/Users/johannesmerz/.nvm/versions/node/v0.12.7/bin/npm" "run-script" "integration-test"
8 error node v0.12.7
9 error npm  v2.13.4
10 error missing script: integration-test
11 error If you need help, you may report this error at:
11 error     <https://github.com/npm/npm/issues>
12 verbose exit [ 1, true ]
